user_logger--2019-02-24 17:23:53,655:INFO 	[admin logged onto the system]
user_logger--2019-02-25 02:18:02,125:INFO 	[admin logged onto the system]
user_logger--2019-02-25 02:21:08,836:INFO 	[admin logged onto the system]
user_logger--2019-02-25 20:00:27,386:INFO 	[admin logged onto the system]
user_logger--2019-02-25 20:09:33,863:INFO 	[admin logged onto the system]
user_logger--2019-02-26 02:22:38,786:INFO 	[admin logged onto the system]
user_logger--2019-02-26 02:27:12,066:INFO 	[admin logged onto the system]
user_logger--2019-02-26 03:11:55,241:INFO 	[admin logged onto the system]
user_logger--2019-02-26 20:57:07,148:INFO 	[admin logged onto the system]
user_logger--2019-02-26 23:06:19,178:INFO 	[admin logged onto the system]
user_logger--2019-02-27 22:29:54,636:INFO 	[admin logged onto the system]
user_logger--2019-03-01 15:37:03,705:INFO 	[admin logged onto the system]
user_logger--2019-03-02 18:49:16,659:INFO 	[admin logged onto the system]
user_logger--2019-03-05 14:18:19,596:INFO 	[admin logged onto the system]
user_logger--2019-03-05 20:35:51,720:INFO 	[admin logged onto the system]
user_logger--2019-03-06 19:02:50,521:INFO 	[admin logged onto the system]
user_logger--2019-03-06 19:05:20,766:INFO 	[admin logged onto the system]
user_logger--2019-03-06 19:20:48,048:INFO 	[admin logged onto the system]
user_logger--2019-03-07 01:49:26,735:INFO 	[admin logged onto the system]
user_logger--2019-03-07 02:03:23,091:INFO 	[admin logged out the system]
user_logger--2019-03-07 02:03:27,914:INFO 	[popu logged onto the system]
user_logger--2019-03-07 02:04:09,976:INFO 	[popu logged out the system]
user_logger--2019-03-07 02:04:35,557:INFO 	[popu logged onto the system]
user_logger--2019-03-07 02:04:47,735:INFO 	[popu logged out the system]
user_logger--2019-03-07 02:04:50,695:INFO 	[admin logged onto the system]
user_logger--2019-03-07 02:05:07,815:INFO 	[admin logged out the system]
user_logger--2019-03-07 02:05:13,676:INFO 	[popu logged onto the system]
user_logger--2019-03-07 02:09:59,433:INFO 	[popu logged out the system]
user_logger--2019-03-07 02:10:02,569:INFO 	[admin logged onto the system]
user_logger--2019-03-07 02:49:33,384:INFO 	[admin logged onto the system]
user_logger--2019-03-07 02:50:16,845:INFO 	[admin logged onto the system]
user_logger--2019-03-14 02:01:38,114:INFO 	[admin logged onto the system]
user_logger--2019-03-14 03:24:55,847:INFO 	[admin logged onto the system]
user_logger--2019-03-14 04:18:24,651:INFO 	[admin logged onto the system]
user_logger--2019-03-14 04:32:21,796:INFO 	[admin logged out the system]
user_logger--2019-03-27 11:28:25,483:INFO 	[admin logged onto the system]
user_logger--2019-03-27 11:31:29,108:INFO 	[admin logged out the system]
user_logger--2019-04-19 22:42:50,451:INFO 	[admin logged onto the system]
user_logger--2019-04-19 22:43:10,284:INFO 	[admin logged out the system]
user_logger--2019-04-22 11:43:42,596:INFO 	[admin logged onto the system]
user_logger--2019-04-22 12:38:17,644:INFO 	[admin logged onto the system]
user_logger--2019-04-22 12:39:15,891:INFO 	[admin logged onto the system]
user_logger--2019-04-22 12:44:27,504:INFO 	[admin logged out the system]
user_logger--2019-04-22 12:51:39,677:INFO 	[admin logged onto the system]
user_logger--2019-04-22 13:22:54,366:INFO 	[admin logged onto the system]
user_logger--2019-04-22 13:23:05,876:INFO 	[admin logged out the system]
user_logger--2019-04-22 13:27:18,580:INFO 	[admin logged onto the system]
user_logger--2019-04-22 13:27:37,958:INFO 	[user0 logged onto the system]
user_logger--2019-04-22 13:28:24,364:INFO 	[user0 logged out the system]
user_logger--2019-04-22 13:28:28,214:INFO 	[user0 logged onto the system]
user_logger--2019-04-22 13:34:45,062:INFO 	[user0 logged onto the system]
user_logger--2019-04-22 13:36:40,670:INFO 	[user0 logged onto the system]
user_logger--2019-04-22 13:36:48,694:INFO 	[admin logged onto the system]
user_logger--2019-04-22 13:36:55,140:INFO 	[user0 logged out the system]
user_logger--2019-04-22 13:36:59,258:INFO 	[user0 logged onto the system]
user_logger--2019-04-22 13:37:38,628:INFO 	[user0 logged out the system]
user_logger--2019-04-22 13:37:43,320:INFO 	[user0 logged onto the system]
user_logger--2019-04-22 13:38:20,067:INFO 	[user0 logged out the system]
user_logger--2019-04-22 13:38:22,805:INFO 	[user0 logged onto the system]
user_logger--2019-04-22 13:44:12,048:INFO 	[user0 logged onto the system]
user_logger--2019-04-22 13:44:37,225:INFO 	[user0 logged onto the system]
user_logger--2019-04-22 13:45:37,036:INFO 	[user0 logged onto the system]
user_logger--2019-04-22 13:47:04,468:INFO 	[user0 logged onto the system]
user_logger--2019-04-22 13:48:28,857:INFO 	[admin logged onto the system]
user_logger--2019-04-22 13:49:10,390:INFO 	[admin logged onto the system]
user_logger--2019-04-22 13:51:23,502:INFO 	[admin logged onto the system]
user_logger--2019-04-22 14:01:07,575:INFO 	[admin logged onto the system]
user_logger--2019-04-22 14:01:39,812:INFO 	[admin logged onto the system]
user_logger--2019-04-22 14:09:25,632:INFO 	[admin logged onto the system]
user_logger--2019-04-22 14:09:45,462:INFO 	[admin logged onto the system]
user_logger--2019-04-22 14:10:14,048:INFO 	[admin logged onto the system]
user_logger--2019-04-22 14:15:23,549:INFO 	[admin logged out the system]
user_logger--2019-04-22 14:15:28,617:INFO 	[admin logged onto the system]
user_logger--2019-04-22 14:15:34,178:INFO 	[admin logged out the system]
user_logger--2019-04-22 14:15:39,943:INFO 	[user0 logged onto the system]
user_logger--2019-04-22 14:17:09,058:INFO 	[user0 logged out the system]
user_logger--2019-04-22 14:23:36,517:INFO 	[user0 logged onto the system]
user_logger--2019-04-22 14:24:51,216:INFO 	[user0 logged out the system]
user_logger--2019-04-22 14:25:01,692:INFO 	[user0 logged onto the system]
user_logger--2019-04-22 14:25:03,321:INFO 	[user0 logged out the system]
user_logger--2019-04-22 14:25:06,677:INFO 	[user0 logged onto the system]
user_logger--2019-04-22 14:25:08,670:INFO 	[user0 logged out the system]
user_logger--2019-04-22 14:25:12,121:INFO 	[user0 logged onto the system]
user_logger--2019-04-22 14:25:13,570:INFO 	[user0 logged out the system]
user_logger--2019-04-22 14:25:16,134:INFO 	[admin logged onto the system]
user_logger--2019-04-22 14:25:17,747:INFO 	[admin logged out the system]
user_logger--2019-04-22 14:25:20,237:INFO 	[admin logged onto the system]
user_logger--2019-04-22 14:25:22,206:INFO 	[admin logged out the system]
user_logger--2019-04-22 14:25:25,102:INFO 	[user0 logged onto the system]
user_logger--2019-04-22 14:25:26,645:INFO 	[user0 logged out the system]
user_logger--2019-04-22 14:25:29,453:INFO 	[user0 logged onto the system]
user_logger--2019-04-22 14:25:31,368:INFO 	[user0 logged out the system]
user_logger--2019-04-22 14:25:33,780:INFO 	[admin logged onto the system]
user_logger--2019-04-22 14:25:35,784:INFO 	[admin logged out the system]
user_logger--2019-04-22 14:25:39,055:INFO 	[user0 logged onto the system]
user_logger--2019-04-22 14:25:40,429:INFO 	[user0 logged out the system]
user_logger--2019-04-22 14:25:43,329:INFO 	[admin logged onto the system]
user_logger--2019-04-22 14:25:45,457:INFO 	[admin logged out the system]
user_logger--2019-04-22 14:25:49,794:INFO 	[user0 logged onto the system]
user_logger--2019-04-22 14:28:01,207:INFO 	[admin logged out the system]
user_logger--2019-04-22 14:28:04,101:INFO 	[admin logged onto the system]
user_logger--2019-04-22 14:28:12,485:INFO 	[user0 logged out the system]
